<!doctype html>
<html lang="en">
<head>
<meta charset="utf-8">
<meta name="viewport" content="width=device-width, initial-scale=1, minimum-scale=1" />
<meta name="generator" content="pdoc 0.9.2" />
<title>redvox.tests.api1000.test_common API documentation</title>
<meta name="description" content="" />
<link rel="preload stylesheet" as="style" href="https://cdnjs.cloudflare.com/ajax/libs/10up-sanitize.css/11.0.1/sanitize.min.css" integrity="sha256-PK9q560IAAa6WVRRh76LtCaI8pjTJ2z11v0miyNNjrs=" crossorigin>
<link rel="preload stylesheet" as="style" href="https://cdnjs.cloudflare.com/ajax/libs/10up-sanitize.css/11.0.1/typography.min.css" integrity="sha256-7l/o7C8jubJiy74VsKTidCy1yBkRtiUGbVkYBylBqUg=" crossorigin>
<link rel="stylesheet preload" as="style" href="https://cdnjs.cloudflare.com/ajax/libs/highlight.js/10.1.1/styles/github.min.css" crossorigin>
<style>:root{--highlight-color:#fe9}.flex{display:flex !important}body{line-height:1.5em}#content{padding:20px}#sidebar{padding:30px;overflow:hidden}#sidebar > *:last-child{margin-bottom:2cm}.http-server-breadcrumbs{font-size:130%;margin:0 0 15px 0}#footer{font-size:.75em;padding:5px 30px;border-top:1px solid #ddd;text-align:right}#footer p{margin:0 0 0 1em;display:inline-block}#footer p:last-child{margin-right:30px}h1,h2,h3,h4,h5{font-weight:300}h1{font-size:2.5em;line-height:1.1em}h2{font-size:1.75em;margin:1em 0 .50em 0}h3{font-size:1.4em;margin:25px 0 10px 0}h4{margin:0;font-size:105%}h1:target,h2:target,h3:target,h4:target,h5:target,h6:target{background:var(--highlight-color);padding:.2em 0}a{color:#058;text-decoration:none;transition:color .3s ease-in-out}a:hover{color:#e82}.title code{font-weight:bold}h2[id^="header-"]{margin-top:2em}.ident{color:#900}pre code{background:#f8f8f8;font-size:.8em;line-height:1.4em}code{background:#f2f2f1;padding:1px 4px;overflow-wrap:break-word}h1 code{background:transparent}pre{background:#f8f8f8;border:0;border-top:1px solid #ccc;border-bottom:1px solid #ccc;margin:1em 0;padding:1ex}#http-server-module-list{display:flex;flex-flow:column}#http-server-module-list div{display:flex}#http-server-module-list dt{min-width:10%}#http-server-module-list p{margin-top:0}.toc ul,#index{list-style-type:none;margin:0;padding:0}#index code{background:transparent}#index h3{border-bottom:1px solid #ddd}#index ul{padding:0}#index h4{margin-top:.6em;font-weight:bold}@media (min-width:200ex){#index .two-column{column-count:2}}@media (min-width:300ex){#index .two-column{column-count:3}}dl{margin-bottom:2em}dl dl:last-child{margin-bottom:4em}dd{margin:0 0 1em 3em}#header-classes + dl > dd{margin-bottom:3em}dd dd{margin-left:2em}dd p{margin:10px 0}.name{background:#eee;font-weight:bold;font-size:.85em;padding:5px 10px;display:inline-block;min-width:40%}.name:hover{background:#e0e0e0}dt:target .name{background:var(--highlight-color)}.name > span:first-child{white-space:nowrap}.name.class > span:nth-child(2){margin-left:.4em}.inherited{color:#999;border-left:5px solid #eee;padding-left:1em}.inheritance em{font-style:normal;font-weight:bold}.desc h2{font-weight:400;font-size:1.25em}.desc h3{font-size:1em}.desc dt code{background:inherit}.source summary,.git-link-div{color:#666;text-align:right;font-weight:400;font-size:.8em;text-transform:uppercase}.source summary > *{white-space:nowrap;cursor:pointer}.git-link{color:inherit;margin-left:1em}.source pre{max-height:500px;overflow:auto;margin:0}.source pre code{font-size:12px;overflow:visible}.hlist{list-style:none}.hlist li{display:inline}.hlist li:after{content:',\2002'}.hlist li:last-child:after{content:none}.hlist .hlist{display:inline;padding-left:1em}img{max-width:100%}td{padding:0 .5em}.admonition{padding:.1em .5em;margin-bottom:1em}.admonition-title{font-weight:bold}.admonition.note,.admonition.info,.admonition.important{background:#aef}.admonition.todo,.admonition.versionadded,.admonition.tip,.admonition.hint{background:#dfd}.admonition.warning,.admonition.versionchanged,.admonition.deprecated{background:#fd4}.admonition.error,.admonition.danger,.admonition.caution{background:lightpink}</style>
<style media="screen and (min-width: 700px)">@media screen and (min-width:700px){#sidebar{width:30%;height:100vh;overflow:auto;position:sticky;top:0}#content{width:70%;max-width:100ch;padding:3em 4em;border-left:1px solid #ddd}pre code{font-size:1em}.item .name{font-size:1em}main{display:flex;flex-direction:row-reverse;justify-content:flex-end}.toc ul ul,#index ul{padding-left:1.5em}.toc > ul > li{margin-top:.5em}}</style>
<style media="print">@media print{#sidebar h1{page-break-before:always}.source{display:none}}@media print{*{background:transparent !important;color:#000 !important;box-shadow:none !important;text-shadow:none !important}a[href]:after{content:" (" attr(href) ")";font-size:90%}a[href][title]:after{content:none}abbr[title]:after{content:" (" attr(title) ")"}.ir a:after,a[href^="javascript:"]:after,a[href^="#"]:after{content:""}pre,blockquote{border:1px solid #999;page-break-inside:avoid}thead{display:table-header-group}tr,img{page-break-inside:avoid}img{max-width:100% !important}@page{margin:0.5cm}p,h2,h3{orphans:3;widows:3}h1,h2,h3,h4,h5,h6{page-break-after:avoid}}</style>
<script defer src="https://cdnjs.cloudflare.com/ajax/libs/highlight.js/10.1.1/highlight.min.js" integrity="sha256-Uv3H6lx7dJmRfRvH8TH6kJD1TSK1aFcwgx+mdg3epi8=" crossorigin></script>
<script>window.addEventListener('DOMContentLoaded', () => hljs.initHighlighting())</script>
</head>
<body>
<main>
<article id="content">
<header>
<h1 class="title">Module <code>redvox.tests.api1000.test_common</code></h1>
</header>
<section id="section-intro">
<details class="source">
<summary>
<span>Expand source code</span>
</summary>
<pre><code class="python">import unittest

import numpy as np

import redvox.api1000.common.lz4
import redvox.api1000.common.common as common
import redvox.api1000.common.generic
import redvox.api1000.common.metadata
import redvox.api1000.common.typing
import redvox.api1000.wrapped_redvox_packet.sensors.audio as microphone


class TestCommonProtoBase(unittest.TestCase):
    def setUp(self) -&gt; None:
        self.empty_microphone_channel: microphone.Audio = microphone.Audio.new()
        self.non_empty_microphone_channel: microphone.Audio = microphone.Audio.new()
        self.non_empty_microphone_channel.get_samples().set_unit(common.Unit[&#39;DECIBEL&#39;])
        self.non_empty_microphone_channel.get_samples().set_values(np.array([100.0, 50, 10.25], dtype=int))
        self.non_empty_microphone_channel.set_sensor_description(&#34;foo&#34;)
        self.non_empty_microphone_channel.set_sample_rate(10.0)
        self.non_empty_microphone_channel.set_first_sample_timestamp(1)
        self.non_empty_microphone_channel.get_metadata().set_metadata({&#34;foo&#34;: &#34;bar&#34;})

    def test_get_proto_empty(self):
        empty_proto = self.empty_microphone_channel.get_proto()
        self.assertEqual(empty_proto.sample_rate, 0.0)
        self.assertEqual(empty_proto.metadata, {})

    def test_get_proto(self):
        full_proto = self.non_empty_microphone_channel.get_proto()
        self.assertEqual(full_proto.sample_rate, 10.0)
        self.assertEqual(len(full_proto.metadata), 1)

    def test_get_metadata(self):
        meta_data = self.non_empty_microphone_channel.get_metadata()
        self.assertEqual(meta_data.get_metadata_count(), 1)

    def test_as_json(self):
        json = self.non_empty_microphone_channel.as_json()
        self.assertTrue(len(json) &gt; 0)

    def test_as_dict(self):
        test_dict = self.non_empty_microphone_channel.as_dict()
        self.assertEqual(test_dict[&#34;sampleRate&#34;], 10.0)
        self.assertEqual(test_dict[&#34;sensorDescription&#34;], &#34;foo&#34;)

    def test_as_bytes(self):
        test_bytes = self.non_empty_microphone_channel.as_bytes()
        self.assertTrue(len(test_bytes) &gt; 0)

    def test_as_compressed_bytes(self):
        compressed_bytes = self.non_empty_microphone_channel.as_compressed_bytes()
        self.assertTrue(len(compressed_bytes) &gt; 0)


class TestCommonMetadata(unittest.TestCase):
    def setUp(self) -&gt; None:
        self.meta_dict = redvox.api1000.common.metadata.Metadata({&#34;foo&#34;: &#34;bar&#34;, &#34;baz&#34;: &#34;number&#34;, &#34;test&#34;: &#34;data&#34;})
        self.empty_dict = redvox.api1000.common.metadata.Metadata({})

    def test_get_metadata_count(self):
        count = self.meta_dict.get_metadata_count()
        self.assertEqual(count, 3)
        zero_count = self.empty_dict.get_metadata_count()
        self.assertEqual(zero_count, 0)

    def test_get_metadata(self):
        meta_data = self.meta_dict.get_metadata()
        self.assertEqual(meta_data[&#34;foo&#34;], &#34;bar&#34;)
        self.assertEqual(meta_data[&#34;baz&#34;], &#34;number&#34;)

    def test_set_metadata(self):
        self.meta_dict.set_metadata({&#34;oof&#34;: &#34;rab&#34;, &#34;zab&#34;: &#34;numbers&#34;})
        count = self.meta_dict.get_metadata_count()
        self.assertEqual(count, 2)
        meta_data = self.meta_dict.get_metadata()
        self.assertEqual(meta_data[&#34;oof&#34;], &#34;rab&#34;)

    def test_append_metadata(self):
        self.meta_dict.append_metadata(&#34;bing&#34;, &#34;bong&#34;)
        count = self.meta_dict.get_metadata_count()
        self.assertEqual(count, 4)

    def test_clear_metadata(self):
        self.meta_dict.clear_metadata()
        count = self.meta_dict.get_metadata_count()
        self.assertEqual(count, 0)
        meta_data = self.meta_dict.get_metadata()
        self.assertEqual(meta_data, {})


class TestCommonSample(unittest.TestCase):
    def setUp(self) -&gt; None:
        self.empty_sample_payload = common.SamplePayload.new()
        self.non_empty_sample_payload = common.SamplePayload.new()
        self.non_empty_sample_payload.set_unit(common.Unit.METERS)
        self.non_empty_sample_payload.set_values(np.array([10, 20, 30, 40]), True)

    def test_get_set_unit(self):
        unit = self.non_empty_sample_payload.get_unit()
        self.assertEqual(unit, common.Unit.METERS)
        zero_unit = self.empty_sample_payload.get_unit()
        self.assertEqual(zero_unit, common.Unit.UNKNOWN)
        self.empty_sample_payload.set_unit(common.Unit.METERS)
        zero_unit = self.empty_sample_payload.get_unit()
        self.assertEqual(zero_unit, common.Unit.METERS)

    def test_get_values_count(self):
        value_count = self.non_empty_sample_payload.get_values_count()
        self.assertEqual(value_count, 4)
        zero_count = self.empty_sample_payload.get_values_count()
        self.assertEqual(zero_count, 0)

    def test_get_set_values(self):
        values = self.non_empty_sample_payload.get_values()
        self.assertEqual(values[0], 10)
        self.assertEqual(len(values), 4)
        zero_values = self.empty_sample_payload.get_values()
        self.assertEqual(len(zero_values), 0)
        self.empty_sample_payload.set_values(np.array([5, 4, 3, 2, 1]))
        zero_values = self.empty_sample_payload.get_values()
        self.assertEqual(zero_values[0], 5)
        self.assertEqual(len(zero_values), 5)

    def test_append_value(self):
        self.non_empty_sample_payload.append_value(50, True)
        values = self.non_empty_sample_payload.get_values()
        self.assertEqual(values[-1], 50)
        self.assertEqual(len(values), 5)

    def test_append_values(self):
        self.non_empty_sample_payload.append_values(np.array([50, 60, 70]), True)
        values = self.non_empty_sample_payload.get_values()
        self.assertEqual(values[-1], 70)
        self.assertEqual(len(values), 7)

    def test_clear_values(self):
        self.non_empty_sample_payload.clear_values()
        zero_values = self.non_empty_sample_payload.get_values()
        self.assertEqual(len(zero_values), 0)
        zero_count = self.non_empty_sample_payload.get_values_count()
        self.assertEqual(zero_count, 0)

    def test_get_summary_statistics(self):
        stats = self.non_empty_sample_payload.get_summary_statistics()
        self.assertEqual(stats.get_count(), 4)
        self.assertEqual(stats.get_mean(), 25)
        zero_stats = self.empty_sample_payload.get_summary_statistics()
        self.assertEqual(zero_stats.get_count(), 0)
        self.assertEqual(zero_stats.get_mean(), 0)

    def test_validate_sample_payload(self):
        error_list = common.validate_sample_payload(self.non_empty_sample_payload)
        self.assertEqual(error_list, [])
        error_list = common.validate_sample_payload(self.empty_sample_payload)
        self.assertNotEqual(error_list, [])


class TestCommonTiming(unittest.TestCase):
    def setUp(self) -&gt; None:
        self.empty_time_payload = common.TimingPayload.new()
        self.non_empty_time_payload = common.TimingPayload.new()
        self.non_empty_time_payload.set_default_unit()
        self.non_empty_time_payload.set_timestamps(np.array([1000, 2000, 3500, 5000]), True)

    def test_get_set_unit(self):
        unit = self.non_empty_time_payload.get_unit()
        self.assertEqual(unit, common.Unit.MICROSECONDS_SINCE_UNIX_EPOCH)
        zero_unit = self.empty_time_payload.get_unit()
        self.assertEqual(zero_unit, common.Unit.UNKNOWN)
        self.empty_time_payload.set_unit(common.Unit.METERS)
        zero_unit = self.empty_time_payload.get_unit()
        self.assertEqual(zero_unit, common.Unit.METERS)

    def test_get_timestamps_count(self):
        count = self.non_empty_time_payload.get_timestamps_count()
        self.assertEqual(count, 4)
        zero_count = self.empty_time_payload.get_timestamps_count()
        self.assertEqual(zero_count, 0)

    def test_get_set_timestamps(self):
        timestamps = self.non_empty_time_payload.get_timestamps()
        self.assertEqual(timestamps[0], 1000)
        self.assertEqual(len(timestamps), 4)
        zero_timestamps = self.empty_time_payload.get_timestamps()
        self.assertEqual(len(zero_timestamps), 0)
        self.empty_time_payload.set_timestamps(np.array([100, 500, 900, 2000]))
        zero_timestamps = self.empty_time_payload.get_timestamps()
        self.assertEqual(zero_timestamps[0], 100)
        self.assertEqual(len(zero_timestamps), 4)

    def test_append_timestamp(self):
        self.non_empty_time_payload.append_timestamp(6700, True)
        values = self.non_empty_time_payload.get_timestamps()
        self.assertEqual(values[-1], 6700)
        self.assertEqual(len(values), 5)

    def test_append_timestamps(self):
        self.non_empty_time_payload.append_timestamps(np.array([6500, 8200, 9900]), True)
        values = self.non_empty_time_payload.get_timestamps()
        self.assertEqual(values[-1], 9900)
        self.assertEqual(len(values), 7)

    def test_clear_timestamps(self):
        self.non_empty_time_payload.clear_timestamps()
        zero_values = self.non_empty_time_payload.get_timestamps()
        self.assertEqual(len(zero_values), 0)
        zero_count = self.non_empty_time_payload.get_timestamps_count()
        self.assertEqual(zero_count, 0)

    def test_get_timestamp_statistics(self):
        stats = self.non_empty_time_payload.get_timestamp_statistics()
        self.assertEqual(stats.get_count(), 4)
        self.assertEqual(stats.get_mean(), 2875)
        zero_stats = self.empty_time_payload.get_timestamp_statistics()
        self.assertEqual(zero_stats.get_count(), 0)
        self.assertEqual(zero_stats.get_mean(), 0)

    def test_get_set_mean_sample_rate(self):
        sample_rate = self.non_empty_time_payload.get_mean_sample_rate()
        self.assertEqual(sample_rate, 750)
        zero_sample_rate = self.empty_time_payload.get_mean_sample_rate()
        self.assertEqual(zero_sample_rate, 0)
        self.empty_time_payload.set_mean_sample_rate(1000)
        zero_sample_rate = self.empty_time_payload.get_mean_sample_rate()
        self.assertEqual(zero_sample_rate, 1000)

    def test_get_set_stdev_sample_rate(self):
        sample_rate = self.non_empty_time_payload.get_stdev_sample_rate()
        self.assertAlmostEqual(sample_rate, 132.58, 2)
        zero_sample_rate = self.empty_time_payload.get_stdev_sample_rate()
        self.assertEqual(zero_sample_rate, 0)
        self.empty_time_payload.set_stdev_sample_rate(1000)
        zero_sample_rate = self.empty_time_payload.get_stdev_sample_rate()
        self.assertEqual(zero_sample_rate, 1000)

    def test_validate_timing_payload(self):
        error_list = common.validate_timing_payload(self.non_empty_time_payload)
        self.assertEqual(error_list, [])
        self.non_empty_time_payload.set_timestamps(np.array([40, 20, 99]))
        error_list = common.validate_timing_payload(self.non_empty_time_payload)
        self.assertNotEqual(error_list, [])
        error_list = common.validate_timing_payload(self.empty_time_payload)
        self.assertNotEqual(error_list, [])


class TestSummaryStatistics(unittest.TestCase):
    def setUp(self) -&gt; None:
        self.data_values = np.array([10, 20, 30, 40])
        self.empty_stats = common.SummaryStatistics.new()
        self.non_empty_stats = common.SummaryStatistics.new()
        self.non_empty_stats.update_from_values(self.data_values)

    def test_get_set_count(self):
        count = self.non_empty_stats.get_count()
        self.assertEqual(count, 4)
        zero_count = self.empty_stats.get_count()
        self.assertEqual(zero_count, 0)
        self.empty_stats.set_count(100)
        zero_count = self.empty_stats.get_count()
        self.assertEqual(zero_count, 100)

    def test_get_set_mean(self):
        mean = self.non_empty_stats.get_mean()
        self.assertEqual(mean, 25)
        zero_mean = self.empty_stats.get_mean()
        self.assertEqual(zero_mean, 0)
        self.empty_stats.set_mean(100)
        zero_mean = self.empty_stats.get_mean()
        self.assertEqual(zero_mean, 100)

    def test_get_set_std_dev(self):
        std_dev = self.non_empty_stats.get_standard_deviation()
        self.assertAlmostEqual(std_dev, 11.18, 2)
        zero_std_dev = self.empty_stats.get_standard_deviation()
        self.assertEqual(zero_std_dev, 0)
        self.empty_stats.set_standard_deviation(100)
        zero_std_dev = self.empty_stats.get_standard_deviation()
        self.assertEqual(zero_std_dev, 100)

    def test_get_set_min(self):
        min_val = self.non_empty_stats.get_min()
        self.assertEqual(min_val, 10)
        zero_min = self.empty_stats.get_min()
        self.assertEqual(zero_min, 0)
        self.empty_stats.set_min(100)
        zero_min = self.empty_stats.get_min()
        self.assertEqual(zero_min, 100)

    def test_get_set_max(self):
        max_val = self.non_empty_stats.get_max()
        self.assertEqual(max_val, 40)
        zero_max = self.empty_stats.get_max()
        self.assertEqual(zero_max, 0)
        self.empty_stats.set_max(100)
        zero_max = self.empty_stats.get_max()
        self.assertEqual(zero_max, 100)

    def test_get_set_range(self):
        data_range = self.non_empty_stats.get_range()
        self.assertEqual(data_range, 30)
        zero_range = self.empty_stats.get_range()
        self.assertEqual(zero_range, 0)
        self.empty_stats.set_range(100)
        zero_range = self.empty_stats.get_range()
        self.assertEqual(zero_range, 100)

    def test_update_from_values(self):
        new_vals = np.array([100, 200, 300])
        self.non_empty_stats.update_from_values(new_vals)
        self.assertEqual(self.non_empty_stats.get_mean(), 200)
        self.assertEqual(self.non_empty_stats.get_min(), 100)
        self.assertEqual(self.non_empty_stats.get_range(), 200)

    def test_validate_summary_statistics(self):
        error_list = common.validate_summary_statistics(self.non_empty_stats)
        self.assertEqual(error_list, [])
        error_list = common.validate_summary_statistics(self.empty_stats)
        self.assertNotEqual(error_list, [])


class TestCommonMethods(unittest.TestCase):
    def test_none_or_empty_none(self):
        self.assertTrue(redvox.api1000.common.typing.none_or_empty(None))

    def test_none_or_empty_str(self):
        self.assertTrue(redvox.api1000.common.typing.none_or_empty(&#34;&#34;))
        self.assertFalse(redvox.api1000.common.typing.none_or_empty(&#34;foo&#34;))

    def test_none_or_empty_list(self):
        self.assertTrue(redvox.api1000.common.typing.none_or_empty([]))
        self.assertFalse(redvox.api1000.common.typing.none_or_empty([1]))

    def test_none_or_empty_array(self):
        self.assertTrue(redvox.api1000.common.typing.none_or_empty(common.EMPTY_ARRAY))
        self.assertFalse(redvox.api1000.common.typing.none_or_empty(np.array([1])))

    def test_lz4_compress_decompress(self):
        data = list(range(1000))
        data = list(map(str, data))
        data = &#34;&#34;.join(data)
        data = data * 1000

        h = hash(data)
        compressed = redvox.api1000.common.lz4.compress(data.encode())
        decompressed = redvox.api1000.common.lz4.decompress(compressed)
        data = decompressed.decode()
        nh = hash(data)

        self.assertEqual(h, nh)</code></pre>
</details>
</section>
<section>
</section>
<section>
</section>
<section>
</section>
<section>
<h2 class="section-title" id="header-classes">Classes</h2>
<dl>
<dt id="redvox.tests.api1000.test_common.TestCommonMetadata"><code class="flex name class">
<span>class <span class="ident">TestCommonMetadata</span></span>
<span>(</span><span>methodName='runTest')</span>
</code></dt>
<dd>
<div class="desc"><p>A class whose instances are single test cases.</p>
<p>By default, the test code itself should be placed in a method named
'runTest'.</p>
<p>If the fixture may be used for many test cases, create as
many test methods as are needed. When instantiating such a TestCase
subclass, specify in the constructor arguments the name of the test method
that the instance is to execute.</p>
<p>Test authors should subclass TestCase for their own tests. Construction
and deconstruction of the test's environment ('fixture') can be
implemented by overriding the 'setUp' and 'tearDown' methods respectively.</p>
<p>If it is necessary to override the <strong>init</strong> method, the base class
<strong>init</strong> method must always be called. It is important that subclasses
should not change the signature of their <strong>init</strong> method, since instances
of the classes are instantiated automatically by parts of the framework
in order to be run.</p>
<p>When subclassing TestCase, you can set these attributes:
* failureException: determines which exception will be raised when
the instance's assertion methods fail; test methods raising this
exception will be deemed to have 'failed' rather than 'errored'.
* longMessage: determines whether long messages (including repr of
objects used in assert methods) will be printed on failure in <em>addition</em>
to any explicit message passed.
* maxDiff: sets the maximum length of a diff in failure messages
by assert methods using difflib. It is looked up as an instance
attribute so can be configured by individual tests if required.</p>
<p>Create an instance of the class that will use the named test
method when executed. Raises a ValueError if the instance does
not have a method with the specified name.</p></div>
<details class="source">
<summary>
<span>Expand source code</span>
</summary>
<pre><code class="python">class TestCommonMetadata(unittest.TestCase):
    def setUp(self) -&gt; None:
        self.meta_dict = redvox.api1000.common.metadata.Metadata({&#34;foo&#34;: &#34;bar&#34;, &#34;baz&#34;: &#34;number&#34;, &#34;test&#34;: &#34;data&#34;})
        self.empty_dict = redvox.api1000.common.metadata.Metadata({})

    def test_get_metadata_count(self):
        count = self.meta_dict.get_metadata_count()
        self.assertEqual(count, 3)
        zero_count = self.empty_dict.get_metadata_count()
        self.assertEqual(zero_count, 0)

    def test_get_metadata(self):
        meta_data = self.meta_dict.get_metadata()
        self.assertEqual(meta_data[&#34;foo&#34;], &#34;bar&#34;)
        self.assertEqual(meta_data[&#34;baz&#34;], &#34;number&#34;)

    def test_set_metadata(self):
        self.meta_dict.set_metadata({&#34;oof&#34;: &#34;rab&#34;, &#34;zab&#34;: &#34;numbers&#34;})
        count = self.meta_dict.get_metadata_count()
        self.assertEqual(count, 2)
        meta_data = self.meta_dict.get_metadata()
        self.assertEqual(meta_data[&#34;oof&#34;], &#34;rab&#34;)

    def test_append_metadata(self):
        self.meta_dict.append_metadata(&#34;bing&#34;, &#34;bong&#34;)
        count = self.meta_dict.get_metadata_count()
        self.assertEqual(count, 4)

    def test_clear_metadata(self):
        self.meta_dict.clear_metadata()
        count = self.meta_dict.get_metadata_count()
        self.assertEqual(count, 0)
        meta_data = self.meta_dict.get_metadata()
        self.assertEqual(meta_data, {})</code></pre>
</details>
<h3>Ancestors</h3>
<ul class="hlist">
<li>unittest.case.TestCase</li>
</ul>
<h3>Methods</h3>
<dl>
<dt id="redvox.tests.api1000.test_common.TestCommonMetadata.setUp"><code class="name flex">
<span>def <span class="ident">setUp</span></span>(<span>self) ‑> NoneType</span>
</code></dt>
<dd>
<div class="desc"><p>Hook method for setting up the test fixture before exercising it.</p></div>
<details class="source">
<summary>
<span>Expand source code</span>
</summary>
<pre><code class="python">def setUp(self) -&gt; None:
    self.meta_dict = redvox.api1000.common.metadata.Metadata({&#34;foo&#34;: &#34;bar&#34;, &#34;baz&#34;: &#34;number&#34;, &#34;test&#34;: &#34;data&#34;})
    self.empty_dict = redvox.api1000.common.metadata.Metadata({})</code></pre>
</details>
</dd>
<dt id="redvox.tests.api1000.test_common.TestCommonMetadata.test_append_metadata"><code class="name flex">
<span>def <span class="ident">test_append_metadata</span></span>(<span>self)</span>
</code></dt>
<dd>
<div class="desc"></div>
<details class="source">
<summary>
<span>Expand source code</span>
</summary>
<pre><code class="python">def test_append_metadata(self):
    self.meta_dict.append_metadata(&#34;bing&#34;, &#34;bong&#34;)
    count = self.meta_dict.get_metadata_count()
    self.assertEqual(count, 4)</code></pre>
</details>
</dd>
<dt id="redvox.tests.api1000.test_common.TestCommonMetadata.test_clear_metadata"><code class="name flex">
<span>def <span class="ident">test_clear_metadata</span></span>(<span>self)</span>
</code></dt>
<dd>
<div class="desc"></div>
<details class="source">
<summary>
<span>Expand source code</span>
</summary>
<pre><code class="python">def test_clear_metadata(self):
    self.meta_dict.clear_metadata()
    count = self.meta_dict.get_metadata_count()
    self.assertEqual(count, 0)
    meta_data = self.meta_dict.get_metadata()
    self.assertEqual(meta_data, {})</code></pre>
</details>
</dd>
<dt id="redvox.tests.api1000.test_common.TestCommonMetadata.test_get_metadata"><code class="name flex">
<span>def <span class="ident">test_get_metadata</span></span>(<span>self)</span>
</code></dt>
<dd>
<div class="desc"></div>
<details class="source">
<summary>
<span>Expand source code</span>
</summary>
<pre><code class="python">def test_get_metadata(self):
    meta_data = self.meta_dict.get_metadata()
    self.assertEqual(meta_data[&#34;foo&#34;], &#34;bar&#34;)
    self.assertEqual(meta_data[&#34;baz&#34;], &#34;number&#34;)</code></pre>
</details>
</dd>
<dt id="redvox.tests.api1000.test_common.TestCommonMetadata.test_get_metadata_count"><code class="name flex">
<span>def <span class="ident">test_get_metadata_count</span></span>(<span>self)</span>
</code></dt>
<dd>
<div class="desc"></div>
<details class="source">
<summary>
<span>Expand source code</span>
</summary>
<pre><code class="python">def test_get_metadata_count(self):
    count = self.meta_dict.get_metadata_count()
    self.assertEqual(count, 3)
    zero_count = self.empty_dict.get_metadata_count()
    self.assertEqual(zero_count, 0)</code></pre>
</details>
</dd>
<dt id="redvox.tests.api1000.test_common.TestCommonMetadata.test_set_metadata"><code class="name flex">
<span>def <span class="ident">test_set_metadata</span></span>(<span>self)</span>
</code></dt>
<dd>
<div class="desc"></div>
<details class="source">
<summary>
<span>Expand source code</span>
</summary>
<pre><code class="python">def test_set_metadata(self):
    self.meta_dict.set_metadata({&#34;oof&#34;: &#34;rab&#34;, &#34;zab&#34;: &#34;numbers&#34;})
    count = self.meta_dict.get_metadata_count()
    self.assertEqual(count, 2)
    meta_data = self.meta_dict.get_metadata()
    self.assertEqual(meta_data[&#34;oof&#34;], &#34;rab&#34;)</code></pre>
</details>
</dd>
</dl>
</dd>
<dt id="redvox.tests.api1000.test_common.TestCommonMethods"><code class="flex name class">
<span>class <span class="ident">TestCommonMethods</span></span>
<span>(</span><span>methodName='runTest')</span>
</code></dt>
<dd>
<div class="desc"><p>A class whose instances are single test cases.</p>
<p>By default, the test code itself should be placed in a method named
'runTest'.</p>
<p>If the fixture may be used for many test cases, create as
many test methods as are needed. When instantiating such a TestCase
subclass, specify in the constructor arguments the name of the test method
that the instance is to execute.</p>
<p>Test authors should subclass TestCase for their own tests. Construction
and deconstruction of the test's environment ('fixture') can be
implemented by overriding the 'setUp' and 'tearDown' methods respectively.</p>
<p>If it is necessary to override the <strong>init</strong> method, the base class
<strong>init</strong> method must always be called. It is important that subclasses
should not change the signature of their <strong>init</strong> method, since instances
of the classes are instantiated automatically by parts of the framework
in order to be run.</p>
<p>When subclassing TestCase, you can set these attributes:
* failureException: determines which exception will be raised when
the instance's assertion methods fail; test methods raising this
exception will be deemed to have 'failed' rather than 'errored'.
* longMessage: determines whether long messages (including repr of
objects used in assert methods) will be printed on failure in <em>addition</em>
to any explicit message passed.
* maxDiff: sets the maximum length of a diff in failure messages
by assert methods using difflib. It is looked up as an instance
attribute so can be configured by individual tests if required.</p>
<p>Create an instance of the class that will use the named test
method when executed. Raises a ValueError if the instance does
not have a method with the specified name.</p></div>
<details class="source">
<summary>
<span>Expand source code</span>
</summary>
<pre><code class="python">class TestCommonMethods(unittest.TestCase):
    def test_none_or_empty_none(self):
        self.assertTrue(redvox.api1000.common.typing.none_or_empty(None))

    def test_none_or_empty_str(self):
        self.assertTrue(redvox.api1000.common.typing.none_or_empty(&#34;&#34;))
        self.assertFalse(redvox.api1000.common.typing.none_or_empty(&#34;foo&#34;))

    def test_none_or_empty_list(self):
        self.assertTrue(redvox.api1000.common.typing.none_or_empty([]))
        self.assertFalse(redvox.api1000.common.typing.none_or_empty([1]))

    def test_none_or_empty_array(self):
        self.assertTrue(redvox.api1000.common.typing.none_or_empty(common.EMPTY_ARRAY))
        self.assertFalse(redvox.api1000.common.typing.none_or_empty(np.array([1])))

    def test_lz4_compress_decompress(self):
        data = list(range(1000))
        data = list(map(str, data))
        data = &#34;&#34;.join(data)
        data = data * 1000

        h = hash(data)
        compressed = redvox.api1000.common.lz4.compress(data.encode())
        decompressed = redvox.api1000.common.lz4.decompress(compressed)
        data = decompressed.decode()
        nh = hash(data)

        self.assertEqual(h, nh)</code></pre>
</details>
<h3>Ancestors</h3>
<ul class="hlist">
<li>unittest.case.TestCase</li>
</ul>
<h3>Methods</h3>
<dl>
<dt id="redvox.tests.api1000.test_common.TestCommonMethods.test_lz4_compress_decompress"><code class="name flex">
<span>def <span class="ident">test_lz4_compress_decompress</span></span>(<span>self)</span>
</code></dt>
<dd>
<div class="desc"></div>
<details class="source">
<summary>
<span>Expand source code</span>
</summary>
<pre><code class="python">def test_lz4_compress_decompress(self):
    data = list(range(1000))
    data = list(map(str, data))
    data = &#34;&#34;.join(data)
    data = data * 1000

    h = hash(data)
    compressed = redvox.api1000.common.lz4.compress(data.encode())
    decompressed = redvox.api1000.common.lz4.decompress(compressed)
    data = decompressed.decode()
    nh = hash(data)

    self.assertEqual(h, nh)</code></pre>
</details>
</dd>
<dt id="redvox.tests.api1000.test_common.TestCommonMethods.test_none_or_empty_array"><code class="name flex">
<span>def <span class="ident">test_none_or_empty_array</span></span>(<span>self)</span>
</code></dt>
<dd>
<div class="desc"></div>
<details class="source">
<summary>
<span>Expand source code</span>
</summary>
<pre><code class="python">def test_none_or_empty_array(self):
    self.assertTrue(redvox.api1000.common.typing.none_or_empty(common.EMPTY_ARRAY))
    self.assertFalse(redvox.api1000.common.typing.none_or_empty(np.array([1])))</code></pre>
</details>
</dd>
<dt id="redvox.tests.api1000.test_common.TestCommonMethods.test_none_or_empty_list"><code class="name flex">
<span>def <span class="ident">test_none_or_empty_list</span></span>(<span>self)</span>
</code></dt>
<dd>
<div class="desc"></div>
<details class="source">
<summary>
<span>Expand source code</span>
</summary>
<pre><code class="python">def test_none_or_empty_list(self):
    self.assertTrue(redvox.api1000.common.typing.none_or_empty([]))
    self.assertFalse(redvox.api1000.common.typing.none_or_empty([1]))</code></pre>
</details>
</dd>
<dt id="redvox.tests.api1000.test_common.TestCommonMethods.test_none_or_empty_none"><code class="name flex">
<span>def <span class="ident">test_none_or_empty_none</span></span>(<span>self)</span>
</code></dt>
<dd>
<div class="desc"></div>
<details class="source">
<summary>
<span>Expand source code</span>
</summary>
<pre><code class="python">def test_none_or_empty_none(self):
    self.assertTrue(redvox.api1000.common.typing.none_or_empty(None))</code></pre>
</details>
</dd>
<dt id="redvox.tests.api1000.test_common.TestCommonMethods.test_none_or_empty_str"><code class="name flex">
<span>def <span class="ident">test_none_or_empty_str</span></span>(<span>self)</span>
</code></dt>
<dd>
<div class="desc"></div>
<details class="source">
<summary>
<span>Expand source code</span>
</summary>
<pre><code class="python">def test_none_or_empty_str(self):
    self.assertTrue(redvox.api1000.common.typing.none_or_empty(&#34;&#34;))
    self.assertFalse(redvox.api1000.common.typing.none_or_empty(&#34;foo&#34;))</code></pre>
</details>
</dd>
</dl>
</dd>
<dt id="redvox.tests.api1000.test_common.TestCommonProtoBase"><code class="flex name class">
<span>class <span class="ident">TestCommonProtoBase</span></span>
<span>(</span><span>methodName='runTest')</span>
</code></dt>
<dd>
<div class="desc"><p>A class whose instances are single test cases.</p>
<p>By default, the test code itself should be placed in a method named
'runTest'.</p>
<p>If the fixture may be used for many test cases, create as
many test methods as are needed. When instantiating such a TestCase
subclass, specify in the constructor arguments the name of the test method
that the instance is to execute.</p>
<p>Test authors should subclass TestCase for their own tests. Construction
and deconstruction of the test's environment ('fixture') can be
implemented by overriding the 'setUp' and 'tearDown' methods respectively.</p>
<p>If it is necessary to override the <strong>init</strong> method, the base class
<strong>init</strong> method must always be called. It is important that subclasses
should not change the signature of their <strong>init</strong> method, since instances
of the classes are instantiated automatically by parts of the framework
in order to be run.</p>
<p>When subclassing TestCase, you can set these attributes:
* failureException: determines which exception will be raised when
the instance's assertion methods fail; test methods raising this
exception will be deemed to have 'failed' rather than 'errored'.
* longMessage: determines whether long messages (including repr of
objects used in assert methods) will be printed on failure in <em>addition</em>
to any explicit message passed.
* maxDiff: sets the maximum length of a diff in failure messages
by assert methods using difflib. It is looked up as an instance
attribute so can be configured by individual tests if required.</p>
<p>Create an instance of the class that will use the named test
method when executed. Raises a ValueError if the instance does
not have a method with the specified name.</p></div>
<details class="source">
<summary>
<span>Expand source code</span>
</summary>
<pre><code class="python">class TestCommonProtoBase(unittest.TestCase):
    def setUp(self) -&gt; None:
        self.empty_microphone_channel: microphone.Audio = microphone.Audio.new()
        self.non_empty_microphone_channel: microphone.Audio = microphone.Audio.new()
        self.non_empty_microphone_channel.get_samples().set_unit(common.Unit[&#39;DECIBEL&#39;])
        self.non_empty_microphone_channel.get_samples().set_values(np.array([100.0, 50, 10.25], dtype=int))
        self.non_empty_microphone_channel.set_sensor_description(&#34;foo&#34;)
        self.non_empty_microphone_channel.set_sample_rate(10.0)
        self.non_empty_microphone_channel.set_first_sample_timestamp(1)
        self.non_empty_microphone_channel.get_metadata().set_metadata({&#34;foo&#34;: &#34;bar&#34;})

    def test_get_proto_empty(self):
        empty_proto = self.empty_microphone_channel.get_proto()
        self.assertEqual(empty_proto.sample_rate, 0.0)
        self.assertEqual(empty_proto.metadata, {})

    def test_get_proto(self):
        full_proto = self.non_empty_microphone_channel.get_proto()
        self.assertEqual(full_proto.sample_rate, 10.0)
        self.assertEqual(len(full_proto.metadata), 1)

    def test_get_metadata(self):
        meta_data = self.non_empty_microphone_channel.get_metadata()
        self.assertEqual(meta_data.get_metadata_count(), 1)

    def test_as_json(self):
        json = self.non_empty_microphone_channel.as_json()
        self.assertTrue(len(json) &gt; 0)

    def test_as_dict(self):
        test_dict = self.non_empty_microphone_channel.as_dict()
        self.assertEqual(test_dict[&#34;sampleRate&#34;], 10.0)
        self.assertEqual(test_dict[&#34;sensorDescription&#34;], &#34;foo&#34;)

    def test_as_bytes(self):
        test_bytes = self.non_empty_microphone_channel.as_bytes()
        self.assertTrue(len(test_bytes) &gt; 0)

    def test_as_compressed_bytes(self):
        compressed_bytes = self.non_empty_microphone_channel.as_compressed_bytes()
        self.assertTrue(len(compressed_bytes) &gt; 0)</code></pre>
</details>
<h3>Ancestors</h3>
<ul class="hlist">
<li>unittest.case.TestCase</li>
</ul>
<h3>Methods</h3>
<dl>
<dt id="redvox.tests.api1000.test_common.TestCommonProtoBase.setUp"><code class="name flex">
<span>def <span class="ident">setUp</span></span>(<span>self) ‑> NoneType</span>
</code></dt>
<dd>
<div class="desc"><p>Hook method for setting up the test fixture before exercising it.</p></div>
<details class="source">
<summary>
<span>Expand source code</span>
</summary>
<pre><code class="python">def setUp(self) -&gt; None:
    self.empty_microphone_channel: microphone.Audio = microphone.Audio.new()
    self.non_empty_microphone_channel: microphone.Audio = microphone.Audio.new()
    self.non_empty_microphone_channel.get_samples().set_unit(common.Unit[&#39;DECIBEL&#39;])
    self.non_empty_microphone_channel.get_samples().set_values(np.array([100.0, 50, 10.25], dtype=int))
    self.non_empty_microphone_channel.set_sensor_description(&#34;foo&#34;)
    self.non_empty_microphone_channel.set_sample_rate(10.0)
    self.non_empty_microphone_channel.set_first_sample_timestamp(1)
    self.non_empty_microphone_channel.get_metadata().set_metadata({&#34;foo&#34;: &#34;bar&#34;})</code></pre>
</details>
</dd>
<dt id="redvox.tests.api1000.test_common.TestCommonProtoBase.test_as_bytes"><code class="name flex">
<span>def <span class="ident">test_as_bytes</span></span>(<span>self)</span>
</code></dt>
<dd>
<div class="desc"></div>
<details class="source">
<summary>
<span>Expand source code</span>
</summary>
<pre><code class="python">def test_as_bytes(self):
    test_bytes = self.non_empty_microphone_channel.as_bytes()
    self.assertTrue(len(test_bytes) &gt; 0)</code></pre>
</details>
</dd>
<dt id="redvox.tests.api1000.test_common.TestCommonProtoBase.test_as_compressed_bytes"><code class="name flex">
<span>def <span class="ident">test_as_compressed_bytes</span></span>(<span>self)</span>
</code></dt>
<dd>
<div class="desc"></div>
<details class="source">
<summary>
<span>Expand source code</span>
</summary>
<pre><code class="python">def test_as_compressed_bytes(self):
    compressed_bytes = self.non_empty_microphone_channel.as_compressed_bytes()
    self.assertTrue(len(compressed_bytes) &gt; 0)</code></pre>
</details>
</dd>
<dt id="redvox.tests.api1000.test_common.TestCommonProtoBase.test_as_dict"><code class="name flex">
<span>def <span class="ident">test_as_dict</span></span>(<span>self)</span>
</code></dt>
<dd>
<div class="desc"></div>
<details class="source">
<summary>
<span>Expand source code</span>
</summary>
<pre><code class="python">def test_as_dict(self):
    test_dict = self.non_empty_microphone_channel.as_dict()
    self.assertEqual(test_dict[&#34;sampleRate&#34;], 10.0)
    self.assertEqual(test_dict[&#34;sensorDescription&#34;], &#34;foo&#34;)</code></pre>
</details>
</dd>
<dt id="redvox.tests.api1000.test_common.TestCommonProtoBase.test_as_json"><code class="name flex">
<span>def <span class="ident">test_as_json</span></span>(<span>self)</span>
</code></dt>
<dd>
<div class="desc"></div>
<details class="source">
<summary>
<span>Expand source code</span>
</summary>
<pre><code class="python">def test_as_json(self):
    json = self.non_empty_microphone_channel.as_json()
    self.assertTrue(len(json) &gt; 0)</code></pre>
</details>
</dd>
<dt id="redvox.tests.api1000.test_common.TestCommonProtoBase.test_get_metadata"><code class="name flex">
<span>def <span class="ident">test_get_metadata</span></span>(<span>self)</span>
</code></dt>
<dd>
<div class="desc"></div>
<details class="source">
<summary>
<span>Expand source code</span>
</summary>
<pre><code class="python">def test_get_metadata(self):
    meta_data = self.non_empty_microphone_channel.get_metadata()
    self.assertEqual(meta_data.get_metadata_count(), 1)</code></pre>
</details>
</dd>
<dt id="redvox.tests.api1000.test_common.TestCommonProtoBase.test_get_proto"><code class="name flex">
<span>def <span class="ident">test_get_proto</span></span>(<span>self)</span>
</code></dt>
<dd>
<div class="desc"></div>
<details class="source">
<summary>
<span>Expand source code</span>
</summary>
<pre><code class="python">def test_get_proto(self):
    full_proto = self.non_empty_microphone_channel.get_proto()
    self.assertEqual(full_proto.sample_rate, 10.0)
    self.assertEqual(len(full_proto.metadata), 1)</code></pre>
</details>
</dd>
<dt id="redvox.tests.api1000.test_common.TestCommonProtoBase.test_get_proto_empty"><code class="name flex">
<span>def <span class="ident">test_get_proto_empty</span></span>(<span>self)</span>
</code></dt>
<dd>
<div class="desc"></div>
<details class="source">
<summary>
<span>Expand source code</span>
</summary>
<pre><code class="python">def test_get_proto_empty(self):
    empty_proto = self.empty_microphone_channel.get_proto()
    self.assertEqual(empty_proto.sample_rate, 0.0)
    self.assertEqual(empty_proto.metadata, {})</code></pre>
</details>
</dd>
</dl>
</dd>
<dt id="redvox.tests.api1000.test_common.TestCommonSample"><code class="flex name class">
<span>class <span class="ident">TestCommonSample</span></span>
<span>(</span><span>methodName='runTest')</span>
</code></dt>
<dd>
<div class="desc"><p>A class whose instances are single test cases.</p>
<p>By default, the test code itself should be placed in a method named
'runTest'.</p>
<p>If the fixture may be used for many test cases, create as
many test methods as are needed. When instantiating such a TestCase
subclass, specify in the constructor arguments the name of the test method
that the instance is to execute.</p>
<p>Test authors should subclass TestCase for their own tests. Construction
and deconstruction of the test's environment ('fixture') can be
implemented by overriding the 'setUp' and 'tearDown' methods respectively.</p>
<p>If it is necessary to override the <strong>init</strong> method, the base class
<strong>init</strong> method must always be called. It is important that subclasses
should not change the signature of their <strong>init</strong> method, since instances
of the classes are instantiated automatically by parts of the framework
in order to be run.</p>
<p>When subclassing TestCase, you can set these attributes:
* failureException: determines which exception will be raised when
the instance's assertion methods fail; test methods raising this
exception will be deemed to have 'failed' rather than 'errored'.
* longMessage: determines whether long messages (including repr of
objects used in assert methods) will be printed on failure in <em>addition</em>
to any explicit message passed.
* maxDiff: sets the maximum length of a diff in failure messages
by assert methods using difflib. It is looked up as an instance
attribute so can be configured by individual tests if required.</p>
<p>Create an instance of the class that will use the named test
method when executed. Raises a ValueError if the instance does
not have a method with the specified name.</p></div>
<details class="source">
<summary>
<span>Expand source code</span>
</summary>
<pre><code class="python">class TestCommonSample(unittest.TestCase):
    def setUp(self) -&gt; None:
        self.empty_sample_payload = common.SamplePayload.new()
        self.non_empty_sample_payload = common.SamplePayload.new()
        self.non_empty_sample_payload.set_unit(common.Unit.METERS)
        self.non_empty_sample_payload.set_values(np.array([10, 20, 30, 40]), True)

    def test_get_set_unit(self):
        unit = self.non_empty_sample_payload.get_unit()
        self.assertEqual(unit, common.Unit.METERS)
        zero_unit = self.empty_sample_payload.get_unit()
        self.assertEqual(zero_unit, common.Unit.UNKNOWN)
        self.empty_sample_payload.set_unit(common.Unit.METERS)
        zero_unit = self.empty_sample_payload.get_unit()
        self.assertEqual(zero_unit, common.Unit.METERS)

    def test_get_values_count(self):
        value_count = self.non_empty_sample_payload.get_values_count()
        self.assertEqual(value_count, 4)
        zero_count = self.empty_sample_payload.get_values_count()
        self.assertEqual(zero_count, 0)

    def test_get_set_values(self):
        values = self.non_empty_sample_payload.get_values()
        self.assertEqual(values[0], 10)
        self.assertEqual(len(values), 4)
        zero_values = self.empty_sample_payload.get_values()
        self.assertEqual(len(zero_values), 0)
        self.empty_sample_payload.set_values(np.array([5, 4, 3, 2, 1]))
        zero_values = self.empty_sample_payload.get_values()
        self.assertEqual(zero_values[0], 5)
        self.assertEqual(len(zero_values), 5)

    def test_append_value(self):
        self.non_empty_sample_payload.append_value(50, True)
        values = self.non_empty_sample_payload.get_values()
        self.assertEqual(values[-1], 50)
        self.assertEqual(len(values), 5)

    def test_append_values(self):
        self.non_empty_sample_payload.append_values(np.array([50, 60, 70]), True)
        values = self.non_empty_sample_payload.get_values()
        self.assertEqual(values[-1], 70)
        self.assertEqual(len(values), 7)

    def test_clear_values(self):
        self.non_empty_sample_payload.clear_values()
        zero_values = self.non_empty_sample_payload.get_values()
        self.assertEqual(len(zero_values), 0)
        zero_count = self.non_empty_sample_payload.get_values_count()
        self.assertEqual(zero_count, 0)

    def test_get_summary_statistics(self):
        stats = self.non_empty_sample_payload.get_summary_statistics()
        self.assertEqual(stats.get_count(), 4)
        self.assertEqual(stats.get_mean(), 25)
        zero_stats = self.empty_sample_payload.get_summary_statistics()
        self.assertEqual(zero_stats.get_count(), 0)
        self.assertEqual(zero_stats.get_mean(), 0)

    def test_validate_sample_payload(self):
        error_list = common.validate_sample_payload(self.non_empty_sample_payload)
        self.assertEqual(error_list, [])
        error_list = common.validate_sample_payload(self.empty_sample_payload)
        self.assertNotEqual(error_list, [])</code></pre>
</details>
<h3>Ancestors</h3>
<ul class="hlist">
<li>unittest.case.TestCase</li>
</ul>
<h3>Methods</h3>
<dl>
<dt id="redvox.tests.api1000.test_common.TestCommonSample.setUp"><code class="name flex">
<span>def <span class="ident">setUp</span></span>(<span>self) ‑> NoneType</span>
</code></dt>
<dd>
<div class="desc"><p>Hook method for setting up the test fixture before exercising it.</p></div>
<details class="source">
<summary>
<span>Expand source code</span>
</summary>
<pre><code class="python">def setUp(self) -&gt; None:
    self.empty_sample_payload = common.SamplePayload.new()
    self.non_empty_sample_payload = common.SamplePayload.new()
    self.non_empty_sample_payload.set_unit(common.Unit.METERS)
    self.non_empty_sample_payload.set_values(np.array([10, 20, 30, 40]), True)</code></pre>
</details>
</dd>
<dt id="redvox.tests.api1000.test_common.TestCommonSample.test_append_value"><code class="name flex">
<span>def <span class="ident">test_append_value</span></span>(<span>self)</span>
</code></dt>
<dd>
<div class="desc"></div>
<details class="source">
<summary>
<span>Expand source code</span>
</summary>
<pre><code class="python">def test_append_value(self):
    self.non_empty_sample_payload.append_value(50, True)
    values = self.non_empty_sample_payload.get_values()
    self.assertEqual(values[-1], 50)
    self.assertEqual(len(values), 5)</code></pre>
</details>
</dd>
<dt id="redvox.tests.api1000.test_common.TestCommonSample.test_append_values"><code class="name flex">
<span>def <span class="ident">test_append_values</span></span>(<span>self)</span>
</code></dt>
<dd>
<div class="desc"></div>
<details class="source">
<summary>
<span>Expand source code</span>
</summary>
<pre><code class="python">def test_append_values(self):
    self.non_empty_sample_payload.append_values(np.array([50, 60, 70]), True)
    values = self.non_empty_sample_payload.get_values()
    self.assertEqual(values[-1], 70)
    self.assertEqual(len(values), 7)</code></pre>
</details>
</dd>
<dt id="redvox.tests.api1000.test_common.TestCommonSample.test_clear_values"><code class="name flex">
<span>def <span class="ident">test_clear_values</span></span>(<span>self)</span>
</code></dt>
<dd>
<div class="desc"></div>
<details class="source">
<summary>
<span>Expand source code</span>
</summary>
<pre><code class="python">def test_clear_values(self):
    self.non_empty_sample_payload.clear_values()
    zero_values = self.non_empty_sample_payload.get_values()
    self.assertEqual(len(zero_values), 0)
    zero_count = self.non_empty_sample_payload.get_values_count()
    self.assertEqual(zero_count, 0)</code></pre>
</details>
</dd>
<dt id="redvox.tests.api1000.test_common.TestCommonSample.test_get_set_unit"><code class="name flex">
<span>def <span class="ident">test_get_set_unit</span></span>(<span>self)</span>
</code></dt>
<dd>
<div class="desc"></div>
<details class="source">
<summary>
<span>Expand source code</span>
</summary>
<pre><code class="python">def test_get_set_unit(self):
    unit = self.non_empty_sample_payload.get_unit()
    self.assertEqual(unit, common.Unit.METERS)
    zero_unit = self.empty_sample_payload.get_unit()
    self.assertEqual(zero_unit, common.Unit.UNKNOWN)
    self.empty_sample_payload.set_unit(common.Unit.METERS)
    zero_unit = self.empty_sample_payload.get_unit()
    self.assertEqual(zero_unit, common.Unit.METERS)</code></pre>
</details>
</dd>
<dt id="redvox.tests.api1000.test_common.TestCommonSample.test_get_set_values"><code class="name flex">
<span>def <span class="ident">test_get_set_values</span></span>(<span>self)</span>
</code></dt>
<dd>
<div class="desc"></div>
<details class="source">
<summary>
<span>Expand source code</span>
</summary>
<pre><code class="python">def test_get_set_values(self):
    values = self.non_empty_sample_payload.get_values()
    self.assertEqual(values[0], 10)
    self.assertEqual(len(values), 4)
    zero_values = self.empty_sample_payload.get_values()
    self.assertEqual(len(zero_values), 0)
    self.empty_sample_payload.set_values(np.array([5, 4, 3, 2, 1]))
    zero_values = self.empty_sample_payload.get_values()
    self.assertEqual(zero_values[0], 5)
    self.assertEqual(len(zero_values), 5)</code></pre>
</details>
</dd>
<dt id="redvox.tests.api1000.test_common.TestCommonSample.test_get_summary_statistics"><code class="name flex">
<span>def <span class="ident">test_get_summary_statistics</span></span>(<span>self)</span>
</code></dt>
<dd>
<div class="desc"></div>
<details class="source">
<summary>
<span>Expand source code</span>
</summary>
<pre><code class="python">def test_get_summary_statistics(self):
    stats = self.non_empty_sample_payload.get_summary_statistics()
    self.assertEqual(stats.get_count(), 4)
    self.assertEqual(stats.get_mean(), 25)
    zero_stats = self.empty_sample_payload.get_summary_statistics()
    self.assertEqual(zero_stats.get_count(), 0)
    self.assertEqual(zero_stats.get_mean(), 0)</code></pre>
</details>
</dd>
<dt id="redvox.tests.api1000.test_common.TestCommonSample.test_get_values_count"><code class="name flex">
<span>def <span class="ident">test_get_values_count</span></span>(<span>self)</span>
</code></dt>
<dd>
<div class="desc"></div>
<details class="source">
<summary>
<span>Expand source code</span>
</summary>
<pre><code class="python">def test_get_values_count(self):
    value_count = self.non_empty_sample_payload.get_values_count()
    self.assertEqual(value_count, 4)
    zero_count = self.empty_sample_payload.get_values_count()
    self.assertEqual(zero_count, 0)</code></pre>
</details>
</dd>
<dt id="redvox.tests.api1000.test_common.TestCommonSample.test_validate_sample_payload"><code class="name flex">
<span>def <span class="ident">test_validate_sample_payload</span></span>(<span>self)</span>
</code></dt>
<dd>
<div class="desc"></div>
<details class="source">
<summary>
<span>Expand source code</span>
</summary>
<pre><code class="python">def test_validate_sample_payload(self):
    error_list = common.validate_sample_payload(self.non_empty_sample_payload)
    self.assertEqual(error_list, [])
    error_list = common.validate_sample_payload(self.empty_sample_payload)
    self.assertNotEqual(error_list, [])</code></pre>
</details>
</dd>
</dl>
</dd>
<dt id="redvox.tests.api1000.test_common.TestCommonTiming"><code class="flex name class">
<span>class <span class="ident">TestCommonTiming</span></span>
<span>(</span><span>methodName='runTest')</span>
</code></dt>
<dd>
<div class="desc"><p>A class whose instances are single test cases.</p>
<p>By default, the test code itself should be placed in a method named
'runTest'.</p>
<p>If the fixture may be used for many test cases, create as
many test methods as are needed. When instantiating such a TestCase
subclass, specify in the constructor arguments the name of the test method
that the instance is to execute.</p>
<p>Test authors should subclass TestCase for their own tests. Construction
and deconstruction of the test's environment ('fixture') can be
implemented by overriding the 'setUp' and 'tearDown' methods respectively.</p>
<p>If it is necessary to override the <strong>init</strong> method, the base class
<strong>init</strong> method must always be called. It is important that subclasses
should not change the signature of their <strong>init</strong> method, since instances
of the classes are instantiated automatically by parts of the framework
in order to be run.</p>
<p>When subclassing TestCase, you can set these attributes:
* failureException: determines which exception will be raised when
the instance's assertion methods fail; test methods raising this
exception will be deemed to have 'failed' rather than 'errored'.
* longMessage: determines whether long messages (including repr of
objects used in assert methods) will be printed on failure in <em>addition</em>
to any explicit message passed.
* maxDiff: sets the maximum length of a diff in failure messages
by assert methods using difflib. It is looked up as an instance
attribute so can be configured by individual tests if required.</p>
<p>Create an instance of the class that will use the named test
method when executed. Raises a ValueError if the instance does
not have a method with the specified name.</p></div>
<details class="source">
<summary>
<span>Expand source code</span>
</summary>
<pre><code class="python">class TestCommonTiming(unittest.TestCase):
    def setUp(self) -&gt; None:
        self.empty_time_payload = common.TimingPayload.new()
        self.non_empty_time_payload = common.TimingPayload.new()
        self.non_empty_time_payload.set_default_unit()
        self.non_empty_time_payload.set_timestamps(np.array([1000, 2000, 3500, 5000]), True)

    def test_get_set_unit(self):
        unit = self.non_empty_time_payload.get_unit()
        self.assertEqual(unit, common.Unit.MICROSECONDS_SINCE_UNIX_EPOCH)
        zero_unit = self.empty_time_payload.get_unit()
        self.assertEqual(zero_unit, common.Unit.UNKNOWN)
        self.empty_time_payload.set_unit(common.Unit.METERS)
        zero_unit = self.empty_time_payload.get_unit()
        self.assertEqual(zero_unit, common.Unit.METERS)

    def test_get_timestamps_count(self):
        count = self.non_empty_time_payload.get_timestamps_count()
        self.assertEqual(count, 4)
        zero_count = self.empty_time_payload.get_timestamps_count()
        self.assertEqual(zero_count, 0)

    def test_get_set_timestamps(self):
        timestamps = self.non_empty_time_payload.get_timestamps()
        self.assertEqual(timestamps[0], 1000)
        self.assertEqual(len(timestamps), 4)
        zero_timestamps = self.empty_time_payload.get_timestamps()
        self.assertEqual(len(zero_timestamps), 0)
        self.empty_time_payload.set_timestamps(np.array([100, 500, 900, 2000]))
        zero_timestamps = self.empty_time_payload.get_timestamps()
        self.assertEqual(zero_timestamps[0], 100)
        self.assertEqual(len(zero_timestamps), 4)

    def test_append_timestamp(self):
        self.non_empty_time_payload.append_timestamp(6700, True)
        values = self.non_empty_time_payload.get_timestamps()
        self.assertEqual(values[-1], 6700)
        self.assertEqual(len(values), 5)

    def test_append_timestamps(self):
        self.non_empty_time_payload.append_timestamps(np.array([6500, 8200, 9900]), True)
        values = self.non_empty_time_payload.get_timestamps()
        self.assertEqual(values[-1], 9900)
        self.assertEqual(len(values), 7)

    def test_clear_timestamps(self):
        self.non_empty_time_payload.clear_timestamps()
        zero_values = self.non_empty_time_payload.get_timestamps()
        self.assertEqual(len(zero_values), 0)
        zero_count = self.non_empty_time_payload.get_timestamps_count()
        self.assertEqual(zero_count, 0)

    def test_get_timestamp_statistics(self):
        stats = self.non_empty_time_payload.get_timestamp_statistics()
        self.assertEqual(stats.get_count(), 4)
        self.assertEqual(stats.get_mean(), 2875)
        zero_stats = self.empty_time_payload.get_timestamp_statistics()
        self.assertEqual(zero_stats.get_count(), 0)
        self.assertEqual(zero_stats.get_mean(), 0)

    def test_get_set_mean_sample_rate(self):
        sample_rate = self.non_empty_time_payload.get_mean_sample_rate()
        self.assertEqual(sample_rate, 750)
        zero_sample_rate = self.empty_time_payload.get_mean_sample_rate()
        self.assertEqual(zero_sample_rate, 0)
        self.empty_time_payload.set_mean_sample_rate(1000)
        zero_sample_rate = self.empty_time_payload.get_mean_sample_rate()
        self.assertEqual(zero_sample_rate, 1000)

    def test_get_set_stdev_sample_rate(self):
        sample_rate = self.non_empty_time_payload.get_stdev_sample_rate()
        self.assertAlmostEqual(sample_rate, 132.58, 2)
        zero_sample_rate = self.empty_time_payload.get_stdev_sample_rate()
        self.assertEqual(zero_sample_rate, 0)
        self.empty_time_payload.set_stdev_sample_rate(1000)
        zero_sample_rate = self.empty_time_payload.get_stdev_sample_rate()
        self.assertEqual(zero_sample_rate, 1000)

    def test_validate_timing_payload(self):
        error_list = common.validate_timing_payload(self.non_empty_time_payload)
        self.assertEqual(error_list, [])
        self.non_empty_time_payload.set_timestamps(np.array([40, 20, 99]))
        error_list = common.validate_timing_payload(self.non_empty_time_payload)
        self.assertNotEqual(error_list, [])
        error_list = common.validate_timing_payload(self.empty_time_payload)
        self.assertNotEqual(error_list, [])</code></pre>
</details>
<h3>Ancestors</h3>
<ul class="hlist">
<li>unittest.case.TestCase</li>
</ul>
<h3>Methods</h3>
<dl>
<dt id="redvox.tests.api1000.test_common.TestCommonTiming.setUp"><code class="name flex">
<span>def <span class="ident">setUp</span></span>(<span>self) ‑> NoneType</span>
</code></dt>
<dd>
<div class="desc"><p>Hook method for setting up the test fixture before exercising it.</p></div>
<details class="source">
<summary>
<span>Expand source code</span>
</summary>
<pre><code class="python">def setUp(self) -&gt; None:
    self.empty_time_payload = common.TimingPayload.new()
    self.non_empty_time_payload = common.TimingPayload.new()
    self.non_empty_time_payload.set_default_unit()
    self.non_empty_time_payload.set_timestamps(np.array([1000, 2000, 3500, 5000]), True)</code></pre>
</details>
</dd>
<dt id="redvox.tests.api1000.test_common.TestCommonTiming.test_append_timestamp"><code class="name flex">
<span>def <span class="ident">test_append_timestamp</span></span>(<span>self)</span>
</code></dt>
<dd>
<div class="desc"></div>
<details class="source">
<summary>
<span>Expand source code</span>
</summary>
<pre><code class="python">def test_append_timestamp(self):
    self.non_empty_time_payload.append_timestamp(6700, True)
    values = self.non_empty_time_payload.get_timestamps()
    self.assertEqual(values[-1], 6700)
    self.assertEqual(len(values), 5)</code></pre>
</details>
</dd>
<dt id="redvox.tests.api1000.test_common.TestCommonTiming.test_append_timestamps"><code class="name flex">
<span>def <span class="ident">test_append_timestamps</span></span>(<span>self)</span>
</code></dt>
<dd>
<div class="desc"></div>
<details class="source">
<summary>
<span>Expand source code</span>
</summary>
<pre><code class="python">def test_append_timestamps(self):
    self.non_empty_time_payload.append_timestamps(np.array([6500, 8200, 9900]), True)
    values = self.non_empty_time_payload.get_timestamps()
    self.assertEqual(values[-1], 9900)
    self.assertEqual(len(values), 7)</code></pre>
</details>
</dd>
<dt id="redvox.tests.api1000.test_common.TestCommonTiming.test_clear_timestamps"><code class="name flex">
<span>def <span class="ident">test_clear_timestamps</span></span>(<span>self)</span>
</code></dt>
<dd>
<div class="desc"></div>
<details class="source">
<summary>
<span>Expand source code</span>
</summary>
<pre><code class="python">def test_clear_timestamps(self):
    self.non_empty_time_payload.clear_timestamps()
    zero_values = self.non_empty_time_payload.get_timestamps()
    self.assertEqual(len(zero_values), 0)
    zero_count = self.non_empty_time_payload.get_timestamps_count()
    self.assertEqual(zero_count, 0)</code></pre>
</details>
</dd>
<dt id="redvox.tests.api1000.test_common.TestCommonTiming.test_get_set_mean_sample_rate"><code class="name flex">
<span>def <span class="ident">test_get_set_mean_sample_rate</span></span>(<span>self)</span>
</code></dt>
<dd>
<div class="desc"></div>
<details class="source">
<summary>
<span>Expand source code</span>
</summary>
<pre><code class="python">def test_get_set_mean_sample_rate(self):
    sample_rate = self.non_empty_time_payload.get_mean_sample_rate()
    self.assertEqual(sample_rate, 750)
    zero_sample_rate = self.empty_time_payload.get_mean_sample_rate()
    self.assertEqual(zero_sample_rate, 0)
    self.empty_time_payload.set_mean_sample_rate(1000)
    zero_sample_rate = self.empty_time_payload.get_mean_sample_rate()
    self.assertEqual(zero_sample_rate, 1000)</code></pre>
</details>
</dd>
<dt id="redvox.tests.api1000.test_common.TestCommonTiming.test_get_set_stdev_sample_rate"><code class="name flex">
<span>def <span class="ident">test_get_set_stdev_sample_rate</span></span>(<span>self)</span>
</code></dt>
<dd>
<div class="desc"></div>
<details class="source">
<summary>
<span>Expand source code</span>
</summary>
<pre><code class="python">def test_get_set_stdev_sample_rate(self):
    sample_rate = self.non_empty_time_payload.get_stdev_sample_rate()
    self.assertAlmostEqual(sample_rate, 132.58, 2)
    zero_sample_rate = self.empty_time_payload.get_stdev_sample_rate()
    self.assertEqual(zero_sample_rate, 0)
    self.empty_time_payload.set_stdev_sample_rate(1000)
    zero_sample_rate = self.empty_time_payload.get_stdev_sample_rate()
    self.assertEqual(zero_sample_rate, 1000)</code></pre>
</details>
</dd>
<dt id="redvox.tests.api1000.test_common.TestCommonTiming.test_get_set_timestamps"><code class="name flex">
<span>def <span class="ident">test_get_set_timestamps</span></span>(<span>self)</span>
</code></dt>
<dd>
<div class="desc"></div>
<details class="source">
<summary>
<span>Expand source code</span>
</summary>
<pre><code class="python">def test_get_set_timestamps(self):
    timestamps = self.non_empty_time_payload.get_timestamps()
    self.assertEqual(timestamps[0], 1000)
    self.assertEqual(len(timestamps), 4)
    zero_timestamps = self.empty_time_payload.get_timestamps()
    self.assertEqual(len(zero_timestamps), 0)
    self.empty_time_payload.set_timestamps(np.array([100, 500, 900, 2000]))
    zero_timestamps = self.empty_time_payload.get_timestamps()
    self.assertEqual(zero_timestamps[0], 100)
    self.assertEqual(len(zero_timestamps), 4)</code></pre>
</details>
</dd>
<dt id="redvox.tests.api1000.test_common.TestCommonTiming.test_get_set_unit"><code class="name flex">
<span>def <span class="ident">test_get_set_unit</span></span>(<span>self)</span>
</code></dt>
<dd>
<div class="desc"></div>
<details class="source">
<summary>
<span>Expand source code</span>
</summary>
<pre><code class="python">def test_get_set_unit(self):
    unit = self.non_empty_time_payload.get_unit()
    self.assertEqual(unit, common.Unit.MICROSECONDS_SINCE_UNIX_EPOCH)
    zero_unit = self.empty_time_payload.get_unit()
    self.assertEqual(zero_unit, common.Unit.UNKNOWN)
    self.empty_time_payload.set_unit(common.Unit.METERS)
    zero_unit = self.empty_time_payload.get_unit()
    self.assertEqual(zero_unit, common.Unit.METERS)</code></pre>
</details>
</dd>
<dt id="redvox.tests.api1000.test_common.TestCommonTiming.test_get_timestamp_statistics"><code class="name flex">
<span>def <span class="ident">test_get_timestamp_statistics</span></span>(<span>self)</span>
</code></dt>
<dd>
<div class="desc"></div>
<details class="source">
<summary>
<span>Expand source code</span>
</summary>
<pre><code class="python">def test_get_timestamp_statistics(self):
    stats = self.non_empty_time_payload.get_timestamp_statistics()
    self.assertEqual(stats.get_count(), 4)
    self.assertEqual(stats.get_mean(), 2875)
    zero_stats = self.empty_time_payload.get_timestamp_statistics()
    self.assertEqual(zero_stats.get_count(), 0)
    self.assertEqual(zero_stats.get_mean(), 0)</code></pre>
</details>
</dd>
<dt id="redvox.tests.api1000.test_common.TestCommonTiming.test_get_timestamps_count"><code class="name flex">
<span>def <span class="ident">test_get_timestamps_count</span></span>(<span>self)</span>
</code></dt>
<dd>
<div class="desc"></div>
<details class="source">
<summary>
<span>Expand source code</span>
</summary>
<pre><code class="python">def test_get_timestamps_count(self):
    count = self.non_empty_time_payload.get_timestamps_count()
    self.assertEqual(count, 4)
    zero_count = self.empty_time_payload.get_timestamps_count()
    self.assertEqual(zero_count, 0)</code></pre>
</details>
</dd>
<dt id="redvox.tests.api1000.test_common.TestCommonTiming.test_validate_timing_payload"><code class="name flex">
<span>def <span class="ident">test_validate_timing_payload</span></span>(<span>self)</span>
</code></dt>
<dd>
<div class="desc"></div>
<details class="source">
<summary>
<span>Expand source code</span>
</summary>
<pre><code class="python">def test_validate_timing_payload(self):
    error_list = common.validate_timing_payload(self.non_empty_time_payload)
    self.assertEqual(error_list, [])
    self.non_empty_time_payload.set_timestamps(np.array([40, 20, 99]))
    error_list = common.validate_timing_payload(self.non_empty_time_payload)
    self.assertNotEqual(error_list, [])
    error_list = common.validate_timing_payload(self.empty_time_payload)
    self.assertNotEqual(error_list, [])</code></pre>
</details>
</dd>
</dl>
</dd>
<dt id="redvox.tests.api1000.test_common.TestSummaryStatistics"><code class="flex name class">
<span>class <span class="ident">TestSummaryStatistics</span></span>
<span>(</span><span>methodName='runTest')</span>
</code></dt>
<dd>
<div class="desc"><p>A class whose instances are single test cases.</p>
<p>By default, the test code itself should be placed in a method named
'runTest'.</p>
<p>If the fixture may be used for many test cases, create as
many test methods as are needed. When instantiating such a TestCase
subclass, specify in the constructor arguments the name of the test method
that the instance is to execute.</p>
<p>Test authors should subclass TestCase for their own tests. Construction
and deconstruction of the test's environment ('fixture') can be
implemented by overriding the 'setUp' and 'tearDown' methods respectively.</p>
<p>If it is necessary to override the <strong>init</strong> method, the base class
<strong>init</strong> method must always be called. It is important that subclasses
should not change the signature of their <strong>init</strong> method, since instances
of the classes are instantiated automatically by parts of the framework
in order to be run.</p>
<p>When subclassing TestCase, you can set these attributes:
* failureException: determines which exception will be raised when
the instance's assertion methods fail; test methods raising this
exception will be deemed to have 'failed' rather than 'errored'.
* longMessage: determines whether long messages (including repr of
objects used in assert methods) will be printed on failure in <em>addition</em>
to any explicit message passed.
* maxDiff: sets the maximum length of a diff in failure messages
by assert methods using difflib. It is looked up as an instance
attribute so can be configured by individual tests if required.</p>
<p>Create an instance of the class that will use the named test
method when executed. Raises a ValueError if the instance does
not have a method with the specified name.</p></div>
<details class="source">
<summary>
<span>Expand source code</span>
</summary>
<pre><code class="python">class TestSummaryStatistics(unittest.TestCase):
    def setUp(self) -&gt; None:
        self.data_values = np.array([10, 20, 30, 40])
        self.empty_stats = common.SummaryStatistics.new()
        self.non_empty_stats = common.SummaryStatistics.new()
        self.non_empty_stats.update_from_values(self.data_values)

    def test_get_set_count(self):
        count = self.non_empty_stats.get_count()
        self.assertEqual(count, 4)
        zero_count = self.empty_stats.get_count()
        self.assertEqual(zero_count, 0)
        self.empty_stats.set_count(100)
        zero_count = self.empty_stats.get_count()
        self.assertEqual(zero_count, 100)

    def test_get_set_mean(self):
        mean = self.non_empty_stats.get_mean()
        self.assertEqual(mean, 25)
        zero_mean = self.empty_stats.get_mean()
        self.assertEqual(zero_mean, 0)
        self.empty_stats.set_mean(100)
        zero_mean = self.empty_stats.get_mean()
        self.assertEqual(zero_mean, 100)

    def test_get_set_std_dev(self):
        std_dev = self.non_empty_stats.get_standard_deviation()
        self.assertAlmostEqual(std_dev, 11.18, 2)
        zero_std_dev = self.empty_stats.get_standard_deviation()
        self.assertEqual(zero_std_dev, 0)
        self.empty_stats.set_standard_deviation(100)
        zero_std_dev = self.empty_stats.get_standard_deviation()
        self.assertEqual(zero_std_dev, 100)

    def test_get_set_min(self):
        min_val = self.non_empty_stats.get_min()
        self.assertEqual(min_val, 10)
        zero_min = self.empty_stats.get_min()
        self.assertEqual(zero_min, 0)
        self.empty_stats.set_min(100)
        zero_min = self.empty_stats.get_min()
        self.assertEqual(zero_min, 100)

    def test_get_set_max(self):
        max_val = self.non_empty_stats.get_max()
        self.assertEqual(max_val, 40)
        zero_max = self.empty_stats.get_max()
        self.assertEqual(zero_max, 0)
        self.empty_stats.set_max(100)
        zero_max = self.empty_stats.get_max()
        self.assertEqual(zero_max, 100)

    def test_get_set_range(self):
        data_range = self.non_empty_stats.get_range()
        self.assertEqual(data_range, 30)
        zero_range = self.empty_stats.get_range()
        self.assertEqual(zero_range, 0)
        self.empty_stats.set_range(100)
        zero_range = self.empty_stats.get_range()
        self.assertEqual(zero_range, 100)

    def test_update_from_values(self):
        new_vals = np.array([100, 200, 300])
        self.non_empty_stats.update_from_values(new_vals)
        self.assertEqual(self.non_empty_stats.get_mean(), 200)
        self.assertEqual(self.non_empty_stats.get_min(), 100)
        self.assertEqual(self.non_empty_stats.get_range(), 200)

    def test_validate_summary_statistics(self):
        error_list = common.validate_summary_statistics(self.non_empty_stats)
        self.assertEqual(error_list, [])
        error_list = common.validate_summary_statistics(self.empty_stats)
        self.assertNotEqual(error_list, [])</code></pre>
</details>
<h3>Ancestors</h3>
<ul class="hlist">
<li>unittest.case.TestCase</li>
</ul>
<h3>Methods</h3>
<dl>
<dt id="redvox.tests.api1000.test_common.TestSummaryStatistics.setUp"><code class="name flex">
<span>def <span class="ident">setUp</span></span>(<span>self) ‑> NoneType</span>
</code></dt>
<dd>
<div class="desc"><p>Hook method for setting up the test fixture before exercising it.</p></div>
<details class="source">
<summary>
<span>Expand source code</span>
</summary>
<pre><code class="python">def setUp(self) -&gt; None:
    self.data_values = np.array([10, 20, 30, 40])
    self.empty_stats = common.SummaryStatistics.new()
    self.non_empty_stats = common.SummaryStatistics.new()
    self.non_empty_stats.update_from_values(self.data_values)</code></pre>
</details>
</dd>
<dt id="redvox.tests.api1000.test_common.TestSummaryStatistics.test_get_set_count"><code class="name flex">
<span>def <span class="ident">test_get_set_count</span></span>(<span>self)</span>
</code></dt>
<dd>
<div class="desc"></div>
<details class="source">
<summary>
<span>Expand source code</span>
</summary>
<pre><code class="python">def test_get_set_count(self):
    count = self.non_empty_stats.get_count()
    self.assertEqual(count, 4)
    zero_count = self.empty_stats.get_count()
    self.assertEqual(zero_count, 0)
    self.empty_stats.set_count(100)
    zero_count = self.empty_stats.get_count()
    self.assertEqual(zero_count, 100)</code></pre>
</details>
</dd>
<dt id="redvox.tests.api1000.test_common.TestSummaryStatistics.test_get_set_max"><code class="name flex">
<span>def <span class="ident">test_get_set_max</span></span>(<span>self)</span>
</code></dt>
<dd>
<div class="desc"></div>
<details class="source">
<summary>
<span>Expand source code</span>
</summary>
<pre><code class="python">def test_get_set_max(self):
    max_val = self.non_empty_stats.get_max()
    self.assertEqual(max_val, 40)
    zero_max = self.empty_stats.get_max()
    self.assertEqual(zero_max, 0)
    self.empty_stats.set_max(100)
    zero_max = self.empty_stats.get_max()
    self.assertEqual(zero_max, 100)</code></pre>
</details>
</dd>
<dt id="redvox.tests.api1000.test_common.TestSummaryStatistics.test_get_set_mean"><code class="name flex">
<span>def <span class="ident">test_get_set_mean</span></span>(<span>self)</span>
</code></dt>
<dd>
<div class="desc"></div>
<details class="source">
<summary>
<span>Expand source code</span>
</summary>
<pre><code class="python">def test_get_set_mean(self):
    mean = self.non_empty_stats.get_mean()
    self.assertEqual(mean, 25)
    zero_mean = self.empty_stats.get_mean()
    self.assertEqual(zero_mean, 0)
    self.empty_stats.set_mean(100)
    zero_mean = self.empty_stats.get_mean()
    self.assertEqual(zero_mean, 100)</code></pre>
</details>
</dd>
<dt id="redvox.tests.api1000.test_common.TestSummaryStatistics.test_get_set_min"><code class="name flex">
<span>def <span class="ident">test_get_set_min</span></span>(<span>self)</span>
</code></dt>
<dd>
<div class="desc"></div>
<details class="source">
<summary>
<span>Expand source code</span>
</summary>
<pre><code class="python">def test_get_set_min(self):
    min_val = self.non_empty_stats.get_min()
    self.assertEqual(min_val, 10)
    zero_min = self.empty_stats.get_min()
    self.assertEqual(zero_min, 0)
    self.empty_stats.set_min(100)
    zero_min = self.empty_stats.get_min()
    self.assertEqual(zero_min, 100)</code></pre>
</details>
</dd>
<dt id="redvox.tests.api1000.test_common.TestSummaryStatistics.test_get_set_range"><code class="name flex">
<span>def <span class="ident">test_get_set_range</span></span>(<span>self)</span>
</code></dt>
<dd>
<div class="desc"></div>
<details class="source">
<summary>
<span>Expand source code</span>
</summary>
<pre><code class="python">def test_get_set_range(self):
    data_range = self.non_empty_stats.get_range()
    self.assertEqual(data_range, 30)
    zero_range = self.empty_stats.get_range()
    self.assertEqual(zero_range, 0)
    self.empty_stats.set_range(100)
    zero_range = self.empty_stats.get_range()
    self.assertEqual(zero_range, 100)</code></pre>
</details>
</dd>
<dt id="redvox.tests.api1000.test_common.TestSummaryStatistics.test_get_set_std_dev"><code class="name flex">
<span>def <span class="ident">test_get_set_std_dev</span></span>(<span>self)</span>
</code></dt>
<dd>
<div class="desc"></div>
<details class="source">
<summary>
<span>Expand source code</span>
</summary>
<pre><code class="python">def test_get_set_std_dev(self):
    std_dev = self.non_empty_stats.get_standard_deviation()
    self.assertAlmostEqual(std_dev, 11.18, 2)
    zero_std_dev = self.empty_stats.get_standard_deviation()
    self.assertEqual(zero_std_dev, 0)
    self.empty_stats.set_standard_deviation(100)
    zero_std_dev = self.empty_stats.get_standard_deviation()
    self.assertEqual(zero_std_dev, 100)</code></pre>
</details>
</dd>
<dt id="redvox.tests.api1000.test_common.TestSummaryStatistics.test_update_from_values"><code class="name flex">
<span>def <span class="ident">test_update_from_values</span></span>(<span>self)</span>
</code></dt>
<dd>
<div class="desc"></div>
<details class="source">
<summary>
<span>Expand source code</span>
</summary>
<pre><code class="python">def test_update_from_values(self):
    new_vals = np.array([100, 200, 300])
    self.non_empty_stats.update_from_values(new_vals)
    self.assertEqual(self.non_empty_stats.get_mean(), 200)
    self.assertEqual(self.non_empty_stats.get_min(), 100)
    self.assertEqual(self.non_empty_stats.get_range(), 200)</code></pre>
</details>
</dd>
<dt id="redvox.tests.api1000.test_common.TestSummaryStatistics.test_validate_summary_statistics"><code class="name flex">
<span>def <span class="ident">test_validate_summary_statistics</span></span>(<span>self)</span>
</code></dt>
<dd>
<div class="desc"></div>
<details class="source">
<summary>
<span>Expand source code</span>
</summary>
<pre><code class="python">def test_validate_summary_statistics(self):
    error_list = common.validate_summary_statistics(self.non_empty_stats)
    self.assertEqual(error_list, [])
    error_list = common.validate_summary_statistics(self.empty_stats)
    self.assertNotEqual(error_list, [])</code></pre>
</details>
</dd>
</dl>
</dd>
</dl>
</section>
</article>
<nav id="sidebar">
<h1>Index</h1>
<div class="toc">
<ul></ul>
</div>
<ul id="index">
<li><h3>Super-module</h3>
<ul>
<li><code><a title="redvox.tests.api1000" href="index.html">redvox.tests.api1000</a></code></li>
</ul>
</li>
<li><h3><a href="#header-classes">Classes</a></h3>
<ul>
<li>
<h4><code><a title="redvox.tests.api1000.test_common.TestCommonMetadata" href="#redvox.tests.api1000.test_common.TestCommonMetadata">TestCommonMetadata</a></code></h4>
<ul class="">
<li><code><a title="redvox.tests.api1000.test_common.TestCommonMetadata.setUp" href="#redvox.tests.api1000.test_common.TestCommonMetadata.setUp">setUp</a></code></li>
<li><code><a title="redvox.tests.api1000.test_common.TestCommonMetadata.test_append_metadata" href="#redvox.tests.api1000.test_common.TestCommonMetadata.test_append_metadata">test_append_metadata</a></code></li>
<li><code><a title="redvox.tests.api1000.test_common.TestCommonMetadata.test_clear_metadata" href="#redvox.tests.api1000.test_common.TestCommonMetadata.test_clear_metadata">test_clear_metadata</a></code></li>
<li><code><a title="redvox.tests.api1000.test_common.TestCommonMetadata.test_get_metadata" href="#redvox.tests.api1000.test_common.TestCommonMetadata.test_get_metadata">test_get_metadata</a></code></li>
<li><code><a title="redvox.tests.api1000.test_common.TestCommonMetadata.test_get_metadata_count" href="#redvox.tests.api1000.test_common.TestCommonMetadata.test_get_metadata_count">test_get_metadata_count</a></code></li>
<li><code><a title="redvox.tests.api1000.test_common.TestCommonMetadata.test_set_metadata" href="#redvox.tests.api1000.test_common.TestCommonMetadata.test_set_metadata">test_set_metadata</a></code></li>
</ul>
</li>
<li>
<h4><code><a title="redvox.tests.api1000.test_common.TestCommonMethods" href="#redvox.tests.api1000.test_common.TestCommonMethods">TestCommonMethods</a></code></h4>
<ul class="">
<li><code><a title="redvox.tests.api1000.test_common.TestCommonMethods.test_lz4_compress_decompress" href="#redvox.tests.api1000.test_common.TestCommonMethods.test_lz4_compress_decompress">test_lz4_compress_decompress</a></code></li>
<li><code><a title="redvox.tests.api1000.test_common.TestCommonMethods.test_none_or_empty_array" href="#redvox.tests.api1000.test_common.TestCommonMethods.test_none_or_empty_array">test_none_or_empty_array</a></code></li>
<li><code><a title="redvox.tests.api1000.test_common.TestCommonMethods.test_none_or_empty_list" href="#redvox.tests.api1000.test_common.TestCommonMethods.test_none_or_empty_list">test_none_or_empty_list</a></code></li>
<li><code><a title="redvox.tests.api1000.test_common.TestCommonMethods.test_none_or_empty_none" href="#redvox.tests.api1000.test_common.TestCommonMethods.test_none_or_empty_none">test_none_or_empty_none</a></code></li>
<li><code><a title="redvox.tests.api1000.test_common.TestCommonMethods.test_none_or_empty_str" href="#redvox.tests.api1000.test_common.TestCommonMethods.test_none_or_empty_str">test_none_or_empty_str</a></code></li>
</ul>
</li>
<li>
<h4><code><a title="redvox.tests.api1000.test_common.TestCommonProtoBase" href="#redvox.tests.api1000.test_common.TestCommonProtoBase">TestCommonProtoBase</a></code></h4>
<ul class="">
<li><code><a title="redvox.tests.api1000.test_common.TestCommonProtoBase.setUp" href="#redvox.tests.api1000.test_common.TestCommonProtoBase.setUp">setUp</a></code></li>
<li><code><a title="redvox.tests.api1000.test_common.TestCommonProtoBase.test_as_bytes" href="#redvox.tests.api1000.test_common.TestCommonProtoBase.test_as_bytes">test_as_bytes</a></code></li>
<li><code><a title="redvox.tests.api1000.test_common.TestCommonProtoBase.test_as_compressed_bytes" href="#redvox.tests.api1000.test_common.TestCommonProtoBase.test_as_compressed_bytes">test_as_compressed_bytes</a></code></li>
<li><code><a title="redvox.tests.api1000.test_common.TestCommonProtoBase.test_as_dict" href="#redvox.tests.api1000.test_common.TestCommonProtoBase.test_as_dict">test_as_dict</a></code></li>
<li><code><a title="redvox.tests.api1000.test_common.TestCommonProtoBase.test_as_json" href="#redvox.tests.api1000.test_common.TestCommonProtoBase.test_as_json">test_as_json</a></code></li>
<li><code><a title="redvox.tests.api1000.test_common.TestCommonProtoBase.test_get_metadata" href="#redvox.tests.api1000.test_common.TestCommonProtoBase.test_get_metadata">test_get_metadata</a></code></li>
<li><code><a title="redvox.tests.api1000.test_common.TestCommonProtoBase.test_get_proto" href="#redvox.tests.api1000.test_common.TestCommonProtoBase.test_get_proto">test_get_proto</a></code></li>
<li><code><a title="redvox.tests.api1000.test_common.TestCommonProtoBase.test_get_proto_empty" href="#redvox.tests.api1000.test_common.TestCommonProtoBase.test_get_proto_empty">test_get_proto_empty</a></code></li>
</ul>
</li>
<li>
<h4><code><a title="redvox.tests.api1000.test_common.TestCommonSample" href="#redvox.tests.api1000.test_common.TestCommonSample">TestCommonSample</a></code></h4>
<ul class="">
<li><code><a title="redvox.tests.api1000.test_common.TestCommonSample.setUp" href="#redvox.tests.api1000.test_common.TestCommonSample.setUp">setUp</a></code></li>
<li><code><a title="redvox.tests.api1000.test_common.TestCommonSample.test_append_value" href="#redvox.tests.api1000.test_common.TestCommonSample.test_append_value">test_append_value</a></code></li>
<li><code><a title="redvox.tests.api1000.test_common.TestCommonSample.test_append_values" href="#redvox.tests.api1000.test_common.TestCommonSample.test_append_values">test_append_values</a></code></li>
<li><code><a title="redvox.tests.api1000.test_common.TestCommonSample.test_clear_values" href="#redvox.tests.api1000.test_common.TestCommonSample.test_clear_values">test_clear_values</a></code></li>
<li><code><a title="redvox.tests.api1000.test_common.TestCommonSample.test_get_set_unit" href="#redvox.tests.api1000.test_common.TestCommonSample.test_get_set_unit">test_get_set_unit</a></code></li>
<li><code><a title="redvox.tests.api1000.test_common.TestCommonSample.test_get_set_values" href="#redvox.tests.api1000.test_common.TestCommonSample.test_get_set_values">test_get_set_values</a></code></li>
<li><code><a title="redvox.tests.api1000.test_common.TestCommonSample.test_get_summary_statistics" href="#redvox.tests.api1000.test_common.TestCommonSample.test_get_summary_statistics">test_get_summary_statistics</a></code></li>
<li><code><a title="redvox.tests.api1000.test_common.TestCommonSample.test_get_values_count" href="#redvox.tests.api1000.test_common.TestCommonSample.test_get_values_count">test_get_values_count</a></code></li>
<li><code><a title="redvox.tests.api1000.test_common.TestCommonSample.test_validate_sample_payload" href="#redvox.tests.api1000.test_common.TestCommonSample.test_validate_sample_payload">test_validate_sample_payload</a></code></li>
</ul>
</li>
<li>
<h4><code><a title="redvox.tests.api1000.test_common.TestCommonTiming" href="#redvox.tests.api1000.test_common.TestCommonTiming">TestCommonTiming</a></code></h4>
<ul class="">
<li><code><a title="redvox.tests.api1000.test_common.TestCommonTiming.setUp" href="#redvox.tests.api1000.test_common.TestCommonTiming.setUp">setUp</a></code></li>
<li><code><a title="redvox.tests.api1000.test_common.TestCommonTiming.test_append_timestamp" href="#redvox.tests.api1000.test_common.TestCommonTiming.test_append_timestamp">test_append_timestamp</a></code></li>
<li><code><a title="redvox.tests.api1000.test_common.TestCommonTiming.test_append_timestamps" href="#redvox.tests.api1000.test_common.TestCommonTiming.test_append_timestamps">test_append_timestamps</a></code></li>
<li><code><a title="redvox.tests.api1000.test_common.TestCommonTiming.test_clear_timestamps" href="#redvox.tests.api1000.test_common.TestCommonTiming.test_clear_timestamps">test_clear_timestamps</a></code></li>
<li><code><a title="redvox.tests.api1000.test_common.TestCommonTiming.test_get_set_mean_sample_rate" href="#redvox.tests.api1000.test_common.TestCommonTiming.test_get_set_mean_sample_rate">test_get_set_mean_sample_rate</a></code></li>
<li><code><a title="redvox.tests.api1000.test_common.TestCommonTiming.test_get_set_stdev_sample_rate" href="#redvox.tests.api1000.test_common.TestCommonTiming.test_get_set_stdev_sample_rate">test_get_set_stdev_sample_rate</a></code></li>
<li><code><a title="redvox.tests.api1000.test_common.TestCommonTiming.test_get_set_timestamps" href="#redvox.tests.api1000.test_common.TestCommonTiming.test_get_set_timestamps">test_get_set_timestamps</a></code></li>
<li><code><a title="redvox.tests.api1000.test_common.TestCommonTiming.test_get_set_unit" href="#redvox.tests.api1000.test_common.TestCommonTiming.test_get_set_unit">test_get_set_unit</a></code></li>
<li><code><a title="redvox.tests.api1000.test_common.TestCommonTiming.test_get_timestamp_statistics" href="#redvox.tests.api1000.test_common.TestCommonTiming.test_get_timestamp_statistics">test_get_timestamp_statistics</a></code></li>
<li><code><a title="redvox.tests.api1000.test_common.TestCommonTiming.test_get_timestamps_count" href="#redvox.tests.api1000.test_common.TestCommonTiming.test_get_timestamps_count">test_get_timestamps_count</a></code></li>
<li><code><a title="redvox.tests.api1000.test_common.TestCommonTiming.test_validate_timing_payload" href="#redvox.tests.api1000.test_common.TestCommonTiming.test_validate_timing_payload">test_validate_timing_payload</a></code></li>
</ul>
</li>
<li>
<h4><code><a title="redvox.tests.api1000.test_common.TestSummaryStatistics" href="#redvox.tests.api1000.test_common.TestSummaryStatistics">TestSummaryStatistics</a></code></h4>
<ul class="">
<li><code><a title="redvox.tests.api1000.test_common.TestSummaryStatistics.setUp" href="#redvox.tests.api1000.test_common.TestSummaryStatistics.setUp">setUp</a></code></li>
<li><code><a title="redvox.tests.api1000.test_common.TestSummaryStatistics.test_get_set_count" href="#redvox.tests.api1000.test_common.TestSummaryStatistics.test_get_set_count">test_get_set_count</a></code></li>
<li><code><a title="redvox.tests.api1000.test_common.TestSummaryStatistics.test_get_set_max" href="#redvox.tests.api1000.test_common.TestSummaryStatistics.test_get_set_max">test_get_set_max</a></code></li>
<li><code><a title="redvox.tests.api1000.test_common.TestSummaryStatistics.test_get_set_mean" href="#redvox.tests.api1000.test_common.TestSummaryStatistics.test_get_set_mean">test_get_set_mean</a></code></li>
<li><code><a title="redvox.tests.api1000.test_common.TestSummaryStatistics.test_get_set_min" href="#redvox.tests.api1000.test_common.TestSummaryStatistics.test_get_set_min">test_get_set_min</a></code></li>
<li><code><a title="redvox.tests.api1000.test_common.TestSummaryStatistics.test_get_set_range" href="#redvox.tests.api1000.test_common.TestSummaryStatistics.test_get_set_range">test_get_set_range</a></code></li>
<li><code><a title="redvox.tests.api1000.test_common.TestSummaryStatistics.test_get_set_std_dev" href="#redvox.tests.api1000.test_common.TestSummaryStatistics.test_get_set_std_dev">test_get_set_std_dev</a></code></li>
<li><code><a title="redvox.tests.api1000.test_common.TestSummaryStatistics.test_update_from_values" href="#redvox.tests.api1000.test_common.TestSummaryStatistics.test_update_from_values">test_update_from_values</a></code></li>
<li><code><a title="redvox.tests.api1000.test_common.TestSummaryStatistics.test_validate_summary_statistics" href="#redvox.tests.api1000.test_common.TestSummaryStatistics.test_validate_summary_statistics">test_validate_summary_statistics</a></code></li>
</ul>
</li>
</ul>
</li>
</ul>
</nav>
</main>
<footer id="footer">
<p>Generated by <a href="https://pdoc3.github.io/pdoc"><cite>pdoc</cite> 0.9.2</a>.</p>
</footer>
</body>
</html>